# JRE version: Java(TM) SE Runtime Environment (12.0.1+12) (build 12.0.1+12)
# Java VM: Java HotSpot(TM) 64-Bit Server VM (12.0.1+12, mixed mode, sharing, tiered, compressed oops, g1 gc, windows-amd64)
Heap:
 garbage-first heap   total 131072K, used 84286K [0x0000000081a00000, 0x0000000100000000)
  region size 1024K, 75 young (76800K), 1 survivors (1024K)
 Metaspace       used 7125K, capacity 7360K, committed 7424K, reserved 1056768K
  class space    used 638K, capacity 721K, committed 768K, reserved 1048576K
GC Heap History (10 events):
Event: 3.970 GC heap before
{Heap before GC invocations=6 (full 0):
 garbage-first heap   total 131072K, used 86313K [0x0000000081a00000, 0x0000000100000000)
  region size 1024K, 76 young (77824K), 1 survivors (1024K)
 Metaspace       used 7079K, capacity 7296K, committed 7424K, reserved 1056768K
  class space    used 634K, capacity 721K, committed 768K, reserved 1048576K
}
Event: 3.972 GC heap after
{Heap after GC invocations=7 (full 0):
 garbage-first heap   total 131072K, used 9515K [0x0000000081a00000, 0x0000000100000000)
  region size 1024K, 1 young (1024K), 1 survivors (1024K)
 Metaspace       used 7079K, capacity 7296K, committed 7424K, reserved 1056768K
  class space    used 634K, capacity 721K, committed 768K, reserved 1048576K
}
Event: 4.468 GC heap before
{Heap before GC invocations=7 (full 0):
 garbage-first heap   total 131072K, used 86315K [0x0000000081a00000, 0x0000000100000000)
  region size 1024K, 76 young (77824K), 1 survivors (1024K)
 Metaspace       used 7079K, capacity 7296K, committed 7424K, reserved 1056768K
  class space    used 634K, capacity 721K, committed 768K, reserved 1048576K
}
Event: 4.470 GC heap after
{Heap after GC invocations=8 (full 0):
 garbage-first heap   total 131072K, used 9501K [0x0000000081a00000, 0x0000000100000000)
  region size 1024K, 1 young (1024K), 1 survivors (1024K)
 Metaspace       used 7079K, capacity 7296K, committed 7424K, reserved 1056768K
  class space    used 634K, capacity 721K, committed 768K, reserved 1048576K
}
Event: 4.854 GC heap before
{Heap before GC invocations=8 (full 0):
 garbage-first heap   total 131072K, used 86301K [0x0000000081a00000, 0x0000000100000000)
  region size 1024K, 76 young (77824K), 1 survivors (1024K)
 Metaspace       used 7079K, capacity 7296K, committed 7424K, reserved 1056768K
  class space    used 634K, capacity 721K, committed 768K, reserved 1048576K
}
Event: 4.856 GC heap after
{Heap after GC invocations=9 (full 0):
 garbage-first heap   total 131072K, used 9493K [0x0000000081a00000, 0x0000000100000000)
  region size 1024K, 1 young (1024K), 1 survivors (1024K)
 Metaspace       used 7079K, capacity 7296K, committed 7424K, reserved 1056768K
  class space    used 634K, capacity 721K, committed 768K, reserved 1048576K
}
Event: 5.067 GC heap before
{Heap before GC invocations=9 (full 0):
 garbage-first heap   total 131072K, used 86293K [0x0000000081a00000, 0x0000000100000000)
  region size 1024K, 76 young (77824K), 1 survivors (1024K)
 Metaspace       used 7081K, capacity 7296K, committed 7424K, reserved 1056768K
  class space    used 635K, capacity 721K, committed 768K, reserved 1048576K
}
Event: 5.068 GC heap after
{Heap after GC invocations=10 (full 0):
 garbage-first heap   total 131072K, used 9512K [0x0000000081a00000, 0x0000000100000000)
  region size 1024K, 1 young (1024K), 1 survivors (1024K)
 Metaspace       used 7081K, capacity 7296K, committed 7424K, reserved 1056768K
  class space    used 635K, capacity 721K, committed 768K, reserved 1048576K
}
Event: 5.258 GC heap before
{Heap before GC invocations=10 (full 0):
 garbage-first heap   total 131072K, used 86312K [0x0000000081a00000, 0x0000000100000000)
  region size 1024K, 76 young (77824K), 1 survivors (1024K)
 Metaspace       used 7083K, capacity 7296K, committed 7424K, reserved 1056768K
  class space    used 636K, capacity 721K, committed 768K, reserved 1048576K
}
Event: 5.260 GC heap after
{Heap after GC invocations=11 (full 0):
 garbage-first heap   total 131072K, used 9534K [0x0000000081a00000, 0x0000000100000000)
  region size 1024K, 1 young (1024K), 1 survivors (1024K)
 Metaspace       used 7083K, capacity 7296K, committed 7424K, reserved 1056768K
  class space    used 636K, capacity 721K, committed 768K, reserved 1048576K
}

