# JRE version: Java(TM) SE Runtime Environment (12.0.1+12) (build 12.0.1+12)
# Java VM: Java HotSpot(TM) 64-Bit Server VM (12.0.1+12, mixed mode, sharing, tiered, compressed oops, g1 gc, windows-amd64)
Heap:
 garbage-first heap   total 131072K, used 56156K [0x0000000081a00000, 0x0000000100000000)
  region size 1024K, 52 young (53248K), 3 survivors (3072K)
 Metaspace       used 7180K, capacity 7424K, committed 7680K, reserved 1056768K
  class space    used 641K, capacity 721K, committed 768K, reserved 1048576K
GC Heap History (10 events):
Event: 2.583 GC heap before
{Heap before GC invocations=2 (full 0):
 garbage-first heap   total 131072K, used 30203K [0x0000000081a00000, 0x0000000100000000)
  region size 1024K, 26 young (26624K), 3 survivors (3072K)
 Metaspace       used 6999K, capacity 7232K, committed 7424K, reserved 1056768K
  class space    used 633K, capacity 721K, committed 768K, reserved 1048576K
}
Event: 2.585 GC heap after
{Heap after GC invocations=3 (full 0):
 garbage-first heap   total 131072K, used 6901K [0x0000000081a00000, 0x0000000100000000)
  region size 1024K, 3 young (3072K), 3 survivors (3072K)
 Metaspace       used 6999K, capacity 7232K, committed 7424K, reserved 1056768K
  class space    used 633K, capacity 721K, committed 768K, reserved 1048576K
}
Event: 3.319 GC heap before
{Heap before GC invocations=3 (full 0):
 garbage-first heap   total 131072K, used 81653K [0x0000000081a00000, 0x0000000100000000)
  region size 1024K, 76 young (77824K), 3 survivors (3072K)
 Metaspace       used 7088K, capacity 7360K, committed 7424K, reserved 1056768K
  class space    used 633K, capacity 721K, committed 768K, reserved 1048576K
}
Event: 3.321 GC heap after
{Heap after GC invocations=4 (full 0):
 garbage-first heap   total 131072K, used 6841K [0x0000000081a00000, 0x0000000100000000)
  region size 1024K, 3 young (3072K), 3 survivors (3072K)
 Metaspace       used 7088K, capacity 7360K, committed 7424K, reserved 1056768K
  class space    used 633K, capacity 721K, committed 768K, reserved 1048576K
}
Event: 3.646 GC heap before
{Heap before GC invocations=4 (full 0):
 garbage-first heap   total 131072K, used 81593K [0x0000000081a00000, 0x0000000100000000)
  region size 1024K, 76 young (77824K), 3 survivors (3072K)
 Metaspace       used 7088K, capacity 7360K, committed 7424K, reserved 1056768K
  class space    used 633K, capacity 721K, committed 768K, reserved 1048576K
}
Event: 3.650 GC heap after
{Heap after GC invocations=5 (full 0):
 garbage-first heap   total 131072K, used 6857K [0x0000000081a00000, 0x0000000100000000)
  region size 1024K, 3 young (3072K), 3 survivors (3072K)
 Metaspace       used 7088K, capacity 7360K, committed 7424K, reserved 1056768K
  class space    used 633K, capacity 721K, committed 768K, reserved 1048576K
}
Event: 3.947 GC heap before
{Heap before GC invocations=5 (full 0):
 garbage-first heap   total 131072K, used 81609K [0x0000000081a00000, 0x0000000100000000)
  region size 1024K, 76 young (77824K), 3 survivors (3072K)
 Metaspace       used 7092K, capacity 7360K, committed 7424K, reserved 1056768K
  class space    used 634K, capacity 721K, committed 768K, reserved 1048576K
}
Event: 3.949 GC heap after
{Heap after GC invocations=6 (full 0):
 garbage-first heap   total 131072K, used 6860K [0x0000000081a00000, 0x0000000100000000)
  region size 1024K, 3 young (3072K), 3 survivors (3072K)
 Metaspace       used 7092K, capacity 7360K, committed 7424K, reserved 1056768K
  class space    used 634K, capacity 721K, committed 768K, reserved 1048576K
}
Event: 4.209 GC heap before
{Heap before GC invocations=6 (full 0):
 garbage-first heap   total 131072K, used 81612K [0x0000000081a00000, 0x0000000100000000)
  region size 1024K, 76 young (77824K), 3 survivors (3072K)
 Metaspace       used 7092K, capacity 7360K, committed 7424K, reserved 1056768K
  class space    used 634K, capacity 721K, committed 768K, reserved 1048576K
}
Event: 4.211 GC heap after
{Heap after GC invocations=7 (full 0):
 garbage-first heap   total 131072K, used 7004K [0x0000000081a00000, 0x0000000100000000)
  region size 1024K, 3 young (3072K), 3 survivors (3072K)
 Metaspace       used 7092K, capacity 7360K, committed 7424K, reserved 1056768K
  class space    used 634K, capacity 721K, committed 768K, reserved 1048576K
}

