# JRE version: Java(TM) SE Runtime Environment (12.0.1+12) (build 12.0.1+12)
# Java VM: Java HotSpot(TM) 64-Bit Server VM (12.0.1+12, mixed mode, sharing, tiered, compressed oops, g1 gc, windows-amd64)
Heap:
 garbage-first heap   total 157696K, used 10820K [0x0000000081a00000, 0x0000000100000000)
  region size 1024K, 2 young (2048K), 1 survivors (1024K)
 Metaspace       used 10140K, capacity 10296K, committed 10368K, reserved 1058816K
  class space    used 1056K, capacity 1109K, committed 1152K, reserved 1048576K
GC Heap History (10 events):
Event: 55.046 GC heap before
{Heap before GC invocations=335 (full 0):
 garbage-first heap   total 157696K, used 103998K [0x0000000081a00000, 0x0000000100000000)
  region size 1024K, 92 young (94208K), 1 survivors (1024K)
 Metaspace       used 10081K, capacity 10232K, committed 10368K, reserved 1058816K
  class space    used 1051K, capacity 1109K, committed 1152K, reserved 1048576K
}
Event: 55.047 GC heap after
{Heap after GC invocations=336 (full 0):
 garbage-first heap   total 157696K, used 10808K [0x0000000081a00000, 0x0000000100000000)
  region size 1024K, 1 young (1024K), 1 survivors (1024K)
 Metaspace       used 10081K, capacity 10232K, committed 10368K, reserved 1058816K
  class space    used 1051K, capacity 1109K, committed 1152K, reserved 1048576K
}
Event: 55.179 GC heap before
{Heap before GC invocations=336 (full 0):
 garbage-first heap   total 157696K, used 103992K [0x0000000081a00000, 0x0000000100000000)
  region size 1024K, 92 young (94208K), 1 survivors (1024K)
 Metaspace       used 10081K, capacity 10232K, committed 10368K, reserved 1058816K
  class space    used 1051K, capacity 1109K, committed 1152K, reserved 1048576K
}
Event: 55.179 GC heap after
{Heap after GC invocations=337 (full 0):
 garbage-first heap   total 157696K, used 10816K [0x0000000081a00000, 0x0000000100000000)
  region size 1024K, 1 young (1024K), 1 survivors (1024K)
 Metaspace       used 10081K, capacity 10232K, committed 10368K, reserved 1058816K
  class space    used 1051K, capacity 1109K, committed 1152K, reserved 1048576K
}
Event: 55.317 GC heap before
{Heap before GC invocations=337 (full 0):
 garbage-first heap   total 157696K, used 104000K [0x0000000081a00000, 0x0000000100000000)
  region size 1024K, 92 young (94208K), 1 survivors (1024K)
 Metaspace       used 10081K, capacity 10232K, committed 10368K, reserved 1058816K
  class space    used 1051K, capacity 1109K, committed 1152K, reserved 1048576K
}
Event: 55.318 GC heap after
{Heap after GC invocations=338 (full 0):
 garbage-first heap   total 157696K, used 10818K [0x0000000081a00000, 0x0000000100000000)
  region size 1024K, 1 young (1024K), 1 survivors (1024K)
 Metaspace       used 10081K, capacity 10232K, committed 10368K, reserved 1058816K
  class space    used 1051K, capacity 1109K, committed 1152K, reserved 1048576K
}
Event: 55.453 GC heap before
{Heap before GC invocations=338 (full 0):
 garbage-first heap   total 157696K, used 104002K [0x0000000081a00000, 0x0000000100000000)
  region size 1024K, 92 young (94208K), 1 survivors (1024K)
 Metaspace       used 10081K, capacity 10232K, committed 10368K, reserved 1058816K
  class space    used 1051K, capacity 1109K, committed 1152K, reserved 1048576K
}
Event: 55.453 GC heap after
{Heap after GC invocations=339 (full 0):
 garbage-first heap   total 157696K, used 10814K [0x0000000081a00000, 0x0000000100000000)
  region size 1024K, 1 young (1024K), 1 survivors (1024K)
 Metaspace       used 10081K, capacity 10232K, committed 10368K, reserved 1058816K
  class space    used 1051K, capacity 1109K, committed 1152K, reserved 1048576K
}
Event: 55.587 GC heap before
{Heap before GC invocations=339 (full 0):
 garbage-first heap   total 157696K, used 103998K [0x0000000081a00000, 0x0000000100000000)
  region size 1024K, 92 young (94208K), 1 survivors (1024K)
 Metaspace       used 10081K, capacity 10232K, committed 10368K, reserved 1058816K
  class space    used 1051K, capacity 1109K, committed 1152K, reserved 1048576K
}
Event: 55.587 GC heap after
{Heap after GC invocations=340 (full 0):
 garbage-first heap   total 157696K, used 10820K [0x0000000081a00000, 0x0000000100000000)
  region size 1024K, 1 young (1024K), 1 survivors (1024K)
 Metaspace       used 10081K, capacity 10232K, committed 10368K, reserved 1058816K
  class space    used 1051K, capacity 1109K, committed 1152K, reserved 1048576K
}

