# JRE version: Java(TM) SE Runtime Environment (12.0.1+12) (build 12.0.1+12)
# Java VM: Java HotSpot(TM) 64-Bit Server VM (12.0.1+12, mixed mode, sharing, tiered, compressed oops, g1 gc, windows-amd64)
Heap:
 garbage-first heap   total 131072K, used 59550K [0x0000000081a00000, 0x0000000100000000)
  region size 1024K, 52 young (53248K), 1 survivors (1024K)
 Metaspace       used 7252K, capacity 7488K, committed 7680K, reserved 1056768K
  class space    used 648K, capacity 721K, committed 768K, reserved 1048576K
GC Heap History (10 events):
Event: 15.439 GC heap before
{Heap before GC invocations=61 (full 0):
 garbage-first heap   total 131072K, used 85150K [0x0000000081a00000, 0x0000000100000000)
  region size 1024K, 76 young (77824K), 1 survivors (1024K)
 Metaspace       used 7088K, capacity 7296K, committed 7424K, reserved 1056768K
  class space    used 636K, capacity 721K, committed 768K, reserved 1048576K
}
Event: 15.439 GC heap after
{Heap after GC invocations=62 (full 0):
 garbage-first heap   total 131072K, used 8350K [0x0000000081a00000, 0x0000000100000000)
  region size 1024K, 1 young (1024K), 1 survivors (1024K)
 Metaspace       used 7088K, capacity 7296K, committed 7424K, reserved 1056768K
  class space    used 636K, capacity 721K, committed 768K, reserved 1048576K
}
Event: 15.659 GC heap before
{Heap before GC invocations=62 (full 0):
 garbage-first heap   total 131072K, used 85150K [0x0000000081a00000, 0x0000000100000000)
  region size 1024K, 76 young (77824K), 1 survivors (1024K)
 Metaspace       used 7088K, capacity 7296K, committed 7424K, reserved 1056768K
  class space    used 636K, capacity 721K, committed 768K, reserved 1048576K
}
Event: 15.660 GC heap after
{Heap after GC invocations=63 (full 0):
 garbage-first heap   total 131072K, used 8340K [0x0000000081a00000, 0x0000000100000000)
  region size 1024K, 1 young (1024K), 1 survivors (1024K)
 Metaspace       used 7088K, capacity 7296K, committed 7424K, reserved 1056768K
  class space    used 636K, capacity 721K, committed 768K, reserved 1048576K
}
Event: 15.961 GC heap before
{Heap before GC invocations=63 (full 0):
 garbage-first heap   total 131072K, used 85140K [0x0000000081a00000, 0x0000000100000000)
  region size 1024K, 76 young (77824K), 1 survivors (1024K)
 Metaspace       used 7088K, capacity 7296K, committed 7424K, reserved 1056768K
  class space    used 636K, capacity 721K, committed 768K, reserved 1048576K
}
Event: 15.961 GC heap after
{Heap after GC invocations=64 (full 0):
 garbage-first heap   total 131072K, used 8350K [0x0000000081a00000, 0x0000000100000000)
  region size 1024K, 1 young (1024K), 1 survivors (1024K)
 Metaspace       used 7088K, capacity 7296K, committed 7424K, reserved 1056768K
  class space    used 636K, capacity 721K, committed 768K, reserved 1048576K
}
Event: 16.240 GC heap before
{Heap before GC invocations=64 (full 0):
 garbage-first heap   total 131072K, used 85150K [0x0000000081a00000, 0x0000000100000000)
  region size 1024K, 76 young (77824K), 1 survivors (1024K)
 Metaspace       used 7088K, capacity 7296K, committed 7424K, reserved 1056768K
  class space    used 636K, capacity 721K, committed 768K, reserved 1048576K
}
Event: 16.241 GC heap after
{Heap after GC invocations=65 (full 0):
 garbage-first heap   total 131072K, used 8350K [0x0000000081a00000, 0x0000000100000000)
  region size 1024K, 1 young (1024K), 1 survivors (1024K)
 Metaspace       used 7088K, capacity 7296K, committed 7424K, reserved 1056768K
  class space    used 636K, capacity 721K, committed 768K, reserved 1048576K
}
Event: 16.475 GC heap before
{Heap before GC invocations=65 (full 0):
 garbage-first heap   total 131072K, used 85150K [0x0000000081a00000, 0x0000000100000000)
  region size 1024K, 76 young (77824K), 1 survivors (1024K)
 Metaspace       used 7088K, capacity 7296K, committed 7424K, reserved 1056768K
  class space    used 636K, capacity 721K, committed 768K, reserved 1048576K
}
Event: 16.476 GC heap after
{Heap after GC invocations=66 (full 0):
 garbage-first heap   total 131072K, used 8350K [0x0000000081a00000, 0x0000000100000000)
  region size 1024K, 1 young (1024K), 1 survivors (1024K)
 Metaspace       used 7088K, capacity 7296K, committed 7424K, reserved 1056768K
  class space    used 636K, capacity 721K, committed 768K, reserved 1048576K
}

