# JRE version: Java(TM) SE Runtime Environment (12.0.1+12) (build 12.0.1+12)
# Java VM: Java HotSpot(TM) 64-Bit Server VM (12.0.1+12, mixed mode, sharing, tiered, compressed oops, g1 gc, windows-amd64)
Heap:
 garbage-first heap   total 131072K, used 52916K [0x0000000081a00000, 0x0000000100000000)
  region size 1024K, 43 young (44032K), 1 survivors (1024K)
 Metaspace       used 10132K, capacity 10292K, committed 10368K, reserved 1058816K
  class space    used 1056K, capacity 1109K, committed 1152K, reserved 1048576K
GC Heap History (10 events):
Event: 14.413 GC heap before
{Heap before GC invocations=69 (full 0):
 garbage-first heap   total 131072K, used 87740K [0x0000000081a00000, 0x0000000100000000)
  region size 1024K, 76 young (77824K), 1 survivors (1024K)
 Metaspace       used 10069K, capacity 10228K, committed 10368K, reserved 1058816K
  class space    used 1051K, capacity 1109K, committed 1152K, reserved 1048576K
}
Event: 14.413 GC heap after
{Heap after GC invocations=70 (full 0):
 garbage-first heap   total 131072K, used 10936K [0x0000000081a00000, 0x0000000100000000)
  region size 1024K, 1 young (1024K), 1 survivors (1024K)
 Metaspace       used 10069K, capacity 10228K, committed 10368K, reserved 1058816K
  class space    used 1051K, capacity 1109K, committed 1152K, reserved 1048576K
}
Event: 14.548 GC heap before
{Heap before GC invocations=70 (full 0):
 garbage-first heap   total 131072K, used 87736K [0x0000000081a00000, 0x0000000100000000)
  region size 1024K, 76 young (77824K), 1 survivors (1024K)
 Metaspace       used 10069K, capacity 10228K, committed 10368K, reserved 1058816K
  class space    used 1051K, capacity 1109K, committed 1152K, reserved 1048576K
}
Event: 14.549 GC heap after
{Heap after GC invocations=71 (full 0):
 garbage-first heap   total 131072K, used 10940K [0x0000000081a00000, 0x0000000100000000)
  region size 1024K, 1 young (1024K), 1 survivors (1024K)
 Metaspace       used 10069K, capacity 10228K, committed 10368K, reserved 1058816K
  class space    used 1051K, capacity 1109K, committed 1152K, reserved 1048576K
}
Event: 14.687 GC heap before
{Heap before GC invocations=71 (full 0):
 garbage-first heap   total 131072K, used 87740K [0x0000000081a00000, 0x0000000100000000)
  region size 1024K, 76 young (77824K), 1 survivors (1024K)
 Metaspace       used 10069K, capacity 10228K, committed 10368K, reserved 1058816K
  class space    used 1051K, capacity 1109K, committed 1152K, reserved 1048576K
}
Event: 14.687 GC heap after
{Heap after GC invocations=72 (full 0):
 garbage-first heap   total 131072K, used 10938K [0x0000000081a00000, 0x0000000100000000)
  region size 1024K, 1 young (1024K), 1 survivors (1024K)
 Metaspace       used 10069K, capacity 10228K, committed 10368K, reserved 1058816K
  class space    used 1051K, capacity 1109K, committed 1152K, reserved 1048576K
}
Event: 14.831 GC heap before
{Heap before GC invocations=72 (full 0):
 garbage-first heap   total 131072K, used 87738K [0x0000000081a00000, 0x0000000100000000)
  region size 1024K, 76 young (77824K), 1 survivors (1024K)
 Metaspace       used 10069K, capacity 10228K, committed 10368K, reserved 1058816K
  class space    used 1051K, capacity 1109K, committed 1152K, reserved 1048576K
}
Event: 14.832 GC heap after
{Heap after GC invocations=73 (full 0):
 garbage-first heap   total 131072K, used 10934K [0x0000000081a00000, 0x0000000100000000)
  region size 1024K, 1 young (1024K), 1 survivors (1024K)
 Metaspace       used 10069K, capacity 10228K, committed 10368K, reserved 1058816K
  class space    used 1051K, capacity 1109K, committed 1152K, reserved 1048576K
}
Event: 14.966 GC heap before
{Heap before GC invocations=73 (full 0):
 garbage-first heap   total 131072K, used 87734K [0x0000000081a00000, 0x0000000100000000)
  region size 1024K, 76 young (77824K), 1 survivors (1024K)
 Metaspace       used 10069K, capacity 10228K, committed 10368K, reserved 1058816K
  class space    used 1051K, capacity 1109K, committed 1152K, reserved 1048576K
}
Event: 14.967 GC heap after
{Heap after GC invocations=74 (full 0):
 garbage-first heap   total 131072K, used 10932K [0x0000000081a00000, 0x0000000100000000)
  region size 1024K, 1 young (1024K), 1 survivors (1024K)
 Metaspace       used 10069K, capacity 10228K, committed 10368K, reserved 1058816K
  class space    used 1051K, capacity 1109K, committed 1152K, reserved 1048576K
}

