# JRE version: Java(TM) SE Runtime Environment (12.0.1+12) (build 12.0.1+12)
# Java VM: Java HotSpot(TM) 64-Bit Server VM (12.0.1+12, mixed mode, sharing, tiered, compressed oops, g1 gc, windows-amd64)
Heap:
 garbage-first heap   total 131072K, used 39919K [0x0000000081a00000, 0x0000000100000000)
  region size 1024K, 34 young (34816K), 1 survivors (1024K)
 Metaspace       used 7173K, capacity 7360K, committed 7424K, reserved 1056768K
  class space    used 642K, capacity 721K, committed 768K, reserved 1048576K
GC Heap History (10 events):
Event: 4.249 GC heap before
{Heap before GC invocations=6 (full 0):
 garbage-first heap   total 131072K, used 83960K [0x0000000081a00000, 0x0000000100000000)
  region size 1024K, 76 young (77824K), 1 survivors (1024K)
 Metaspace       used 7074K, capacity 7296K, committed 7424K, reserved 1056768K
  class space    used 634K, capacity 721K, committed 768K, reserved 1048576K
}
Event: 4.250 GC heap after
{Heap after GC invocations=7 (full 0):
 garbage-first heap   total 131072K, used 7148K [0x0000000081a00000, 0x0000000100000000)
  region size 1024K, 1 young (1024K), 1 survivors (1024K)
 Metaspace       used 7074K, capacity 7296K, committed 7424K, reserved 1056768K
  class space    used 634K, capacity 721K, committed 768K, reserved 1048576K
}
Event: 4.482 GC heap before
{Heap before GC invocations=7 (full 0):
 garbage-first heap   total 131072K, used 83948K [0x0000000081a00000, 0x0000000100000000)
  region size 1024K, 76 young (77824K), 1 survivors (1024K)
 Metaspace       used 7074K, capacity 7296K, committed 7424K, reserved 1056768K
  class space    used 634K, capacity 721K, committed 768K, reserved 1048576K
}
Event: 4.483 GC heap after
{Heap after GC invocations=8 (full 0):
 garbage-first heap   total 131072K, used 7150K [0x0000000081a00000, 0x0000000100000000)
  region size 1024K, 1 young (1024K), 1 survivors (1024K)
 Metaspace       used 7074K, capacity 7296K, committed 7424K, reserved 1056768K
  class space    used 634K, capacity 721K, committed 768K, reserved 1048576K
}
Event: 4.729 GC heap before
{Heap before GC invocations=8 (full 0):
 garbage-first heap   total 131072K, used 83950K [0x0000000081a00000, 0x0000000100000000)
  region size 1024K, 76 young (77824K), 1 survivors (1024K)
 Metaspace       used 7076K, capacity 7296K, committed 7424K, reserved 1056768K
  class space    used 635K, capacity 721K, committed 768K, reserved 1048576K
}
Event: 4.730 GC heap after
{Heap after GC invocations=9 (full 0):
 garbage-first heap   total 131072K, used 7164K [0x0000000081a00000, 0x0000000100000000)
  region size 1024K, 1 young (1024K), 1 survivors (1024K)
 Metaspace       used 7076K, capacity 7296K, committed 7424K, reserved 1056768K
  class space    used 635K, capacity 721K, committed 768K, reserved 1048576K
}
Event: 4.947 GC heap before
{Heap before GC invocations=9 (full 0):
 garbage-first heap   total 131072K, used 83964K [0x0000000081a00000, 0x0000000100000000)
  region size 1024K, 76 young (77824K), 1 survivors (1024K)
 Metaspace       used 7077K, capacity 7296K, committed 7424K, reserved 1056768K
  class space    used 635K, capacity 721K, committed 768K, reserved 1048576K
}
Event: 4.948 GC heap after
{Heap after GC invocations=10 (full 0):
 garbage-first heap   total 131072K, used 7159K [0x0000000081a00000, 0x0000000100000000)
  region size 1024K, 1 young (1024K), 1 survivors (1024K)
 Metaspace       used 7077K, capacity 7296K, committed 7424K, reserved 1056768K
  class space    used 635K, capacity 721K, committed 768K, reserved 1048576K
}
Event: 5.133 GC heap before
{Heap before GC invocations=10 (full 0):
 garbage-first heap   total 131072K, used 83959K [0x0000000081a00000, 0x0000000100000000)
  region size 1024K, 76 young (77824K), 1 survivors (1024K)
 Metaspace       used 7077K, capacity 7296K, committed 7424K, reserved 1056768K
  class space    used 635K, capacity 721K, committed 768K, reserved 1048576K
}
Event: 5.135 GC heap after
{Heap after GC invocations=11 (full 0):
 garbage-first heap   total 131072K, used 7151K [0x0000000081a00000, 0x0000000100000000)
  region size 1024K, 1 young (1024K), 1 survivors (1024K)
 Metaspace       used 7077K, capacity 7296K, committed 7424K, reserved 1056768K
  class space    used 635K, capacity 721K, committed 768K, reserved 1048576K
}

